<?xml version="1.0" encoding="UTF-8"?>
<!-- Generated by org.testng.reporters.JUnitReportReporter -->
<testsuite skipped="0" hostname="DESKTOP-HNAEA5M" name="script.Login" tests="1" failures="0" timestamp="16 Jul 2017 08:09:51 GMT" time="10.179" errors="0">
  <testcase name="testLogin" time="10.179" classname="script.Login"/>
</testsuite> <!-- script.Login -->
