<?xml version="1.0" encoding="UTF-8"?>
<!-- Generated by org.testng.reporters.JUnitReportReporter -->
<testsuite skipped="0" hostname="DESKTOP-HNAEA5M" name="script.Verify" tests="1" failures="0" timestamp="25 Jul 2017 15:48:02 GMT" time="28.092" errors="0">
  <testcase name="verifyVersion" time="28.092" classname="script.Verify"/>
</testsuite> <!-- script.Verify -->
