<?xml version="1.0" encoding="UTF-8"?>
<!-- Generated by org.testng.reporters.JUnitReportReporter -->
<testsuite skipped="0" hostname="DESKTOP-HNAEA5M" name="script.Verify" tests="1" failures="0" timestamp="16 Jul 2017 10:06:38 GMT" time="13.726" errors="0">
  <testcase name="verifyVersion" time="13.726" classname="script.Verify"/>
</testsuite> <!-- script.Verify -->
