<?xml version="1.0" encoding="UTF-8"?>
<!-- Generated by org.testng.reporters.JUnitReportReporter -->
<testsuite skipped="0" hostname="DESKTOP-HNAEA5M" name="script.SendUsename" tests="2" failures="0" timestamp="16 Jul 2017 04:44:38 GMT" time="21.380" errors="0">
  <testcase name="sendData" time="9.985" classname="script.SendUsename"/>
  <testcase name="sendData" time="11.395" classname="script.SendUsename"/>
</testsuite> <!-- script.SendUsename -->
